# JRE version: OpenJDK Runtime Environment (17.0.11) (build 17.0.11+0--11852314)
# Java VM: OpenJDK 64-Bit Server VM (17.0.11+0--11852314, mixed mode, tiered, compressed oops, compressed class ptrs, g1 gc, windows-amd64)
GC Precious Log:
 CPUs: 8 total, 8 available
 Memory: 6005M
 Large Page Support: Disabled
 NUMA Support: Disabled
 Compressed Oops: Enabled (32-bit)
 Heap Region Size: 1M
 Heap Min Capacity: 8M
 Heap Initial Capacity: 94M
 Heap Max Capacity: 2G
 Pre-touch: Disabled
 Parallel Workers: 8
 Concurrent Workers: 2
 Concurrent Refinement Workers: 8
 Periodic GC: Disabled
Heap:
 garbage-first heap   total 291840K, used 157895K [0x0000000080000000, 0x0000000100000000)
  region size 1024K, 2 young (2048K), 2 survivors (2048K)
 Metaspace       used 112576K, committed 113344K, reserved 1179648K
  class space    used 16193K, committed 16576K, reserved 1048576K
GC Heap History (20 events):
Event: 13.674 GC heap after
{Heap after GC invocations=34 (full 0):
 garbage-first heap   total 144384K, used 81014K [0x0000000080000000, 0x0000000100000000)
  region size 1024K, 6 young (6144K), 6 survivors (6144K)
 Metaspace       used 93544K, committed 94272K, reserved 1179648K
  class space    used 13117K, committed 13440K, reserved 1048576K
}
Event: 13.947 GC heap before
{Heap before GC invocations=34 (full 0):
 garbage-first heap   total 144384K, used 117878K [0x0000000080000000, 0x0000000100000000)
  region size 1024K, 42 young (43008K), 6 survivors (6144K)
 Metaspace       used 93629K, committed 94336K, reserved 1179648K
  class space    used 13119K, committed 13440K, reserved 1048576K
}
Event: 13.952 GC heap after
{Heap after GC invocations=35 (full 0):
 garbage-first heap   total 144384K, used 83390K [0x0000000080000000, 0x0000000100000000)
  region size 1024K, 4 young (4096K), 4 survivors (4096K)
 Metaspace       used 93629K, committed 94336K, reserved 1179648K
  class space    used 13119K, committed 13440K, reserved 1048576K
}
Event: 14.345 GC heap before
{Heap before GC invocations=35 (full 0):
 garbage-first heap   total 144384K, used 122302K [0x0000000080000000, 0x0000000100000000)
  region size 1024K, 38 young (38912K), 4 survivors (4096K)
 Metaspace       used 95449K, committed 96256K, reserved 1179648K
  class space    used 13296K, committed 13696K, reserved 1048576K
}
Event: 14.350 GC heap after
{Heap after GC invocations=36 (full 0):
 garbage-first heap   total 144384K, used 85435K [0x0000000080000000, 0x0000000100000000)
  region size 1024K, 5 young (5120K), 5 survivors (5120K)
 Metaspace       used 95449K, committed 96256K, reserved 1179648K
  class space    used 13296K, committed 13696K, reserved 1048576K
}
Event: 14.840 GC heap before
{Heap before GC invocations=36 (full 0):
 garbage-first heap   total 144384K, used 117179K [0x0000000080000000, 0x0000000100000000)
  region size 1024K, 37 young (37888K), 5 survivors (5120K)
 Metaspace       used 96077K, committed 96832K, reserved 1179648K
  class space    used 13370K, committed 13760K, reserved 1048576K
}
Event: 14.846 GC heap after
{Heap after GC invocations=37 (full 0):
 garbage-first heap   total 256000K, used 87695K [0x0000000080000000, 0x0000000100000000)
  region size 1024K, 5 young (5120K), 5 survivors (5120K)
 Metaspace       used 96077K, committed 96832K, reserved 1179648K
  class space    used 13370K, committed 13760K, reserved 1048576K
}
Event: 16.059 GC heap before
{Heap before GC invocations=37 (full 0):
 garbage-first heap   total 256000K, used 202383K [0x0000000080000000, 0x0000000100000000)
  region size 1024K, 118 young (120832K), 5 survivors (5120K)
 Metaspace       used 100510K, committed 101312K, reserved 1179648K
  class space    used 14009K, committed 14400K, reserved 1048576K
}
Event: 16.066 GC heap after
{Heap after GC invocations=38 (full 0):
 garbage-first heap   total 256000K, used 99537K [0x0000000080000000, 0x0000000100000000)
  region size 1024K, 15 young (15360K), 15 survivors (15360K)
 Metaspace       used 100510K, committed 101312K, reserved 1179648K
  class space    used 14009K, committed 14400K, reserved 1048576K
}
Event: 16.558 GC heap before
{Heap before GC invocations=38 (full 0):
 garbage-first heap   total 256000K, used 185553K [0x0000000080000000, 0x0000000100000000)
  region size 1024K, 100 young (102400K), 15 survivors (15360K)
 Metaspace       used 103381K, committed 104128K, reserved 1179648K
  class space    used 14455K, committed 14848K, reserved 1048576K
}
Event: 16.576 GC heap after
{Heap after GC invocations=39 (full 0):
 garbage-first heap   total 256000K, used 115045K [0x0000000080000000, 0x0000000100000000)
  region size 1024K, 13 young (13312K), 13 survivors (13312K)
 Metaspace       used 103381K, committed 104128K, reserved 1179648K
  class space    used 14455K, committed 14848K, reserved 1048576K
}
Event: 16.831 GC heap before
{Heap before GC invocations=39 (full 0):
 garbage-first heap   total 256000K, used 191845K [0x0000000080000000, 0x0000000100000000)
  region size 1024K, 89 young (91136K), 13 survivors (13312K)
 Metaspace       used 105515K, committed 106240K, reserved 1179648K
  class space    used 14795K, committed 15168K, reserved 1048576K
}
Event: 16.848 GC heap after
{Heap after GC invocations=40 (full 0):
 garbage-first heap   total 256000K, used 128268K [0x0000000080000000, 0x0000000100000000)
  region size 1024K, 12 young (12288K), 12 survivors (12288K)
 Metaspace       used 105515K, committed 106240K, reserved 1179648K
  class space    used 14795K, committed 15168K, reserved 1048576K
}
Event: 17.053 GC heap before
{Heap before GC invocations=40 (full 0):
 garbage-first heap   total 256000K, used 178444K [0x0000000080000000, 0x0000000100000000)
  region size 1024K, 63 young (64512K), 12 survivors (12288K)
 Metaspace       used 108029K, committed 108800K, reserved 1179648K
  class space    used 15312K, committed 15744K, reserved 1048576K
}
Event: 17.065 GC heap after
{Heap after GC invocations=41 (full 0):
 garbage-first heap   total 256000K, used 135058K [0x0000000080000000, 0x0000000100000000)
  region size 1024K, 8 young (8192K), 8 survivors (8192K)
 Metaspace       used 108029K, committed 108800K, reserved 1179648K
  class space    used 15312K, committed 15744K, reserved 1048576K
}
Event: 17.317 GC heap before
{Heap before GC invocations=41 (full 0):
 garbage-first heap   total 291840K, used 202642K [0x0000000080000000, 0x0000000100000000)
  region size 1024K, 74 young (75776K), 8 survivors (8192K)
 Metaspace       used 108694K, committed 109440K, reserved 1179648K
  class space    used 15434K, committed 15808K, reserved 1048576K
}
Event: 17.332 GC heap after
{Heap after GC invocations=42 (full 0):
 garbage-first heap   total 291840K, used 147279K [0x0000000080000000, 0x0000000100000000)
  region size 1024K, 10 young (10240K), 10 survivors (10240K)
 Metaspace       used 108694K, committed 109440K, reserved 1179648K
  class space    used 15434K, committed 15808K, reserved 1048576K
}
Event: 17.729 GC heap before
{Heap before GC invocations=43 (full 0):
 garbage-first heap   total 291840K, used 228175K [0x0000000080000000, 0x0000000100000000)
  region size 1024K, 90 young (92160K), 10 survivors (10240K)
 Metaspace       used 112433K, committed 113216K, reserved 1179648K
  class space    used 16169K, committed 16576K, reserved 1048576K
}
Event: 17.744 GC heap after
{Heap after GC invocations=44 (full 0):
 garbage-first heap   total 291840K, used 159091K [0x0000000080000000, 0x0000000100000000)
  region size 1024K, 11 young (11264K), 11 survivors (11264K)
 Metaspace       used 112433K, committed 113216K, reserved 1179648K
  class space    used 16169K, committed 16576K, reserved 1048576K
}
Event: 17.757 GC heap before
{Heap before GC invocations=44 (full 0):
 garbage-first heap   total 291840K, used 161139K [0x0000000080000000, 0x0000000100000000)
  region size 1024K, 14 young (14336K), 11 survivors (11264K)
 Metaspace       used 112576K, committed 113344K, reserved 1179648K
  class space    used 16193K, committed 16576K, reserved 1048576K
}

