# JRE version: OpenJDK Runtime Environment (17.0.11) (build 17.0.11+0--11852314)
# Java VM: OpenJDK 64-Bit Server VM (17.0.11+0--11852314, mixed mode, tiered, compressed oops, compressed class ptrs, g1 gc, windows-amd64)
GC Precious Log:
 CPUs: 8 total, 8 available
 Memory: 6005M
 Large Page Support: Disabled
 NUMA Support: Disabled
 Compressed Oops: Enabled (32-bit)
 Heap Region Size: 1M
 Heap Min Capacity: 8M
 Heap Initial Capacity: 94M
 Heap Max Capacity: 2G
 Pre-touch: Disabled
 Parallel Workers: 8
 Concurrent Workers: 2
 Concurrent Refinement Workers: 8
 Periodic GC: Disabled
Heap:
 garbage-first heap   total 293888K, used 152999K [0x0000000080000000, 0x0000000100000000)
  region size 1024K, 2 young (2048K), 2 survivors (2048K)
 Metaspace       used 122990K, committed 123776K, reserved 1179648K
  class space    used 16846K, committed 17216K, reserved 1048576K
GC Heap History (20 events):
Event: 17.568 GC heap after
{Heap after GC invocations=45 (full 0):
 garbage-first heap   total 292864K, used 132724K [0x0000000080000000, 0x0000000100000000)
  region size 1024K, 5 young (5120K), 5 survivors (5120K)
 Metaspace       used 105670K, committed 106432K, reserved 1179648K
  class space    used 14426K, committed 14784K, reserved 1048576K
}
Event: 17.998 GC heap before
{Heap before GC invocations=45 (full 0):
 garbage-first heap   total 292864K, used 226932K [0x0000000080000000, 0x0000000100000000)
  region size 1024K, 93 young (95232K), 5 survivors (5120K)
 Metaspace       used 108088K, committed 108864K, reserved 1179648K
  class space    used 14659K, committed 14976K, reserved 1048576K
}
Event: 18.005 GC heap after
{Heap after GC invocations=46 (full 0):
 garbage-first heap   total 292864K, used 139117K [0x0000000080000000, 0x0000000100000000)
  region size 1024K, 8 young (8192K), 8 survivors (8192K)
 Metaspace       used 108088K, committed 108864K, reserved 1179648K
  class space    used 14659K, committed 14976K, reserved 1048576K
}
Event: 18.992 GC heap before
{Heap before GC invocations=46 (full 0):
 garbage-first heap   total 292864K, used 259949K [0x0000000080000000, 0x0000000100000000)
  region size 1024K, 96 young (98304K), 8 survivors (8192K)
 Metaspace       used 109793K, committed 110592K, reserved 1179648K
  class space    used 14813K, committed 15232K, reserved 1048576K
}
Event: 18.997 GC heap after
{Heap after GC invocations=47 (full 0):
 garbage-first heap   total 292864K, used 132378K [0x0000000080000000, 0x0000000100000000)
  region size 1024K, 4 young (4096K), 4 survivors (4096K)
 Metaspace       used 109793K, committed 110592K, reserved 1179648K
  class space    used 14813K, committed 15232K, reserved 1048576K
}
Event: 19.892 GC heap before
{Heap before GC invocations=47 (full 0):
 garbage-first heap   total 292864K, used 231706K [0x0000000080000000, 0x0000000100000000)
  region size 1024K, 102 young (104448K), 4 survivors (4096K)
 Metaspace       used 111789K, committed 112512K, reserved 1179648K
  class space    used 15062K, committed 15424K, reserved 1048576K
}
Event: 19.898 GC heap after
{Heap after GC invocations=48 (full 0):
 garbage-first heap   total 292864K, used 135816K [0x0000000080000000, 0x0000000100000000)
  region size 1024K, 7 young (7168K), 7 survivors (7168K)
 Metaspace       used 111789K, committed 112512K, reserved 1179648K
  class space    used 15062K, committed 15424K, reserved 1048576K
}
Event: 20.480 GC heap before
{Heap before GC invocations=48 (full 0):
 garbage-first heap   total 292864K, used 235144K [0x0000000080000000, 0x0000000100000000)
  region size 1024K, 105 young (107520K), 7 survivors (7168K)
 Metaspace       used 111917K, committed 112640K, reserved 1179648K
  class space    used 15066K, committed 15424K, reserved 1048576K
}
Event: 20.486 GC heap after
{Heap after GC invocations=49 (full 0):
 garbage-first heap   total 292864K, used 136274K [0x0000000080000000, 0x0000000100000000)
  region size 1024K, 8 young (8192K), 8 survivors (8192K)
 Metaspace       used 111917K, committed 112640K, reserved 1179648K
  class space    used 15066K, committed 15424K, reserved 1048576K
}
Event: 21.312 GC heap before
{Heap before GC invocations=49 (full 0):
 garbage-first heap   total 292864K, used 238674K [0x0000000080000000, 0x0000000100000000)
  region size 1024K, 109 young (111616K), 8 survivors (8192K)
 Metaspace       used 114386K, committed 115136K, reserved 1179648K
  class space    used 15418K, committed 15808K, reserved 1048576K
}
Event: 21.320 GC heap after
{Heap after GC invocations=50 (full 0):
 garbage-first heap   total 292864K, used 146791K [0x0000000080000000, 0x0000000100000000)
  region size 1024K, 14 young (14336K), 14 survivors (14336K)
 Metaspace       used 114386K, committed 115136K, reserved 1179648K
  class space    used 15418K, committed 15808K, reserved 1048576K
}
Event: 21.864 GC heap before
{Heap before GC invocations=50 (full 0):
 garbage-first heap   total 292864K, used 235879K [0x0000000080000000, 0x0000000100000000)
  region size 1024K, 102 young (104448K), 14 survivors (14336K)
 Metaspace       used 118250K, committed 119104K, reserved 1179648K
  class space    used 16041K, committed 16448K, reserved 1048576K
}
Event: 21.881 GC heap after
{Heap after GC invocations=51 (full 0):
 garbage-first heap   total 292864K, used 161670K [0x0000000080000000, 0x0000000100000000)
  region size 1024K, 13 young (13312K), 13 survivors (13312K)
 Metaspace       used 118250K, committed 119104K, reserved 1179648K
  class space    used 16041K, committed 16448K, reserved 1048576K
}
Event: 22.179 GC heap before
{Heap before GC invocations=51 (full 0):
 garbage-first heap   total 292864K, used 234374K [0x0000000080000000, 0x0000000100000000)
  region size 1024K, 85 young (87040K), 13 survivors (13312K)
 Metaspace       used 120506K, committed 121280K, reserved 1179648K
  class space    used 16402K, committed 16768K, reserved 1048576K
}
Event: 22.199 GC heap after
{Heap after GC invocations=52 (full 0):
 garbage-first heap   total 292864K, used 174861K [0x0000000080000000, 0x0000000100000000)
  region size 1024K, 11 young (11264K), 11 survivors (11264K)
 Metaspace       used 120506K, committed 121280K, reserved 1179648K
  class space    used 16402K, committed 16768K, reserved 1048576K
}
Event: 22.265 GC heap before
{Heap before GC invocations=52 (full 0):
 garbage-first heap   total 292864K, used 198413K [0x0000000080000000, 0x0000000100000000)
  region size 1024K, 35 young (35840K), 11 survivors (11264K)
 Metaspace       used 120967K, committed 121728K, reserved 1179648K
  class space    used 16456K, committed 16832K, reserved 1048576K
}
Event: 22.277 GC heap after
{Heap after GC invocations=53 (full 0):
 garbage-first heap   total 292864K, used 181809K [0x0000000080000000, 0x0000000100000000)
  region size 1024K, 6 young (6144K), 6 survivors (6144K)
 Metaspace       used 120967K, committed 121728K, reserved 1179648K
  class space    used 16456K, committed 16832K, reserved 1048576K
}
Event: 22.719 GC heap before
{Heap before GC invocations=54 (full 0):
 garbage-first heap   total 293888K, used 216625K [0x0000000080000000, 0x0000000100000000)
  region size 1024K, 61 young (62464K), 6 survivors (6144K)
 Metaspace       used 122930K, committed 123712K, reserved 1179648K
  class space    used 16839K, committed 17216K, reserved 1048576K
}
Event: 22.734 GC heap after
{Heap after GC invocations=55 (full 0):
 garbage-first heap   total 293888K, used 169984K [0x0000000080000000, 0x0000000100000000)
  region size 1024K, 8 young (8192K), 8 survivors (8192K)
 Metaspace       used 122930K, committed 123712K, reserved 1179648K
  class space    used 16839K, committed 17216K, reserved 1048576K
}
Event: 22.767 GC heap before
{Heap before GC invocations=55 (full 0):
 garbage-first heap   total 293888K, used 176128K [0x0000000080000000, 0x0000000100000000)
  region size 1024K, 14 young (14336K), 8 survivors (8192K)
 Metaspace       used 122990K, committed 123776K, reserved 1179648K
  class space    used 16846K, committed 17216K, reserved 1048576K
}

