# JRE version: OpenJDK Runtime Environment (17.0.11) (build 17.0.11+0--11852314)
# Java VM: OpenJDK 64-Bit Server VM (17.0.11+0--11852314, mixed mode, tiered, compressed oops, compressed class ptrs, g1 gc, windows-amd64)
GC Precious Log:
 CPUs: 8 total, 8 available
 Memory: 6005M
 Large Page Support: Disabled
 NUMA Support: Disabled
 Compressed Oops: Enabled (32-bit)
 Heap Region Size: 1M
 Heap Min Capacity: 8M
 Heap Initial Capacity: 94M
 Heap Max Capacity: 2G
 Pre-touch: Disabled
 Parallel Workers: 8
 Concurrent Workers: 2
 Concurrent Refinement Workers: 8
 Periodic GC: Disabled
Heap:
 garbage-first heap   total 236544K, used 159332K [0x0000000080000000, 0x0000000100000000)
  region size 1024K, 2 young (2048K), 2 survivors (2048K)
 Metaspace       used 111920K, committed 112640K, reserved 1179648K
  class space    used 15991K, committed 16320K, reserved 1048576K
GC Heap History (20 events):
Event: 14.663 GC heap after
{Heap after GC invocations=42 (full 0):
 garbage-first heap   total 196608K, used 85673K [0x0000000080000000, 0x0000000100000000)
  region size 1024K, 11 young (11264K), 11 survivors (11264K)
 Metaspace       used 93829K, committed 94528K, reserved 1179648K
  class space    used 13127K, committed 13440K, reserved 1048576K
}
Event: 15.813 GC heap before
{Heap before GC invocations=42 (full 0):
 garbage-first heap   total 196608K, used 163497K [0x0000000080000000, 0x0000000100000000)
  region size 1024K, 83 young (84992K), 11 survivors (11264K)
 Metaspace       used 96522K, committed 97280K, reserved 1179648K
  class space    used 13367K, committed 13760K, reserved 1048576K
}
Event: 15.824 GC heap after
{Heap after GC invocations=43 (full 0):
 garbage-first heap   total 196608K, used 90036K [0x0000000080000000, 0x0000000100000000)
  region size 1024K, 7 young (7168K), 7 survivors (7168K)
 Metaspace       used 96522K, committed 97280K, reserved 1179648K
  class space    used 13367K, committed 13760K, reserved 1048576K
}
Event: 16.369 GC heap before
{Heap before GC invocations=43 (full 0):
 garbage-first heap   total 196608K, used 158644K [0x0000000080000000, 0x0000000100000000)
  region size 1024K, 75 young (76800K), 7 survivors (7168K)
 Metaspace       used 99696K, committed 100416K, reserved 1179648K
  class space    used 13861K, committed 14208K, reserved 1048576K
}
Event: 16.375 GC heap after
{Heap after GC invocations=44 (full 0):
 garbage-first heap   total 196608K, used 100521K [0x0000000080000000, 0x0000000100000000)
  region size 1024K, 10 young (10240K), 10 survivors (10240K)
 Metaspace       used 99696K, committed 100416K, reserved 1179648K
  class space    used 13861K, committed 14208K, reserved 1048576K
}
Event: 16.645 GC heap before
{Heap before GC invocations=44 (full 0):
 garbage-first heap   total 196608K, used 155817K [0x0000000080000000, 0x0000000100000000)
  region size 1024K, 65 young (66560K), 10 survivors (10240K)
 Metaspace       used 102025K, committed 102720K, reserved 1179648K
  class space    used 14193K, committed 14528K, reserved 1048576K
}
Event: 16.655 GC heap after
{Heap after GC invocations=45 (full 0):
 garbage-first heap   total 196608K, used 110057K [0x0000000080000000, 0x0000000100000000)
  region size 1024K, 9 young (9216K), 9 survivors (9216K)
 Metaspace       used 102025K, committed 102720K, reserved 1179648K
  class space    used 14193K, committed 14528K, reserved 1048576K
}
Event: 16.914 GC heap before
{Heap before GC invocations=45 (full 0):
 garbage-first heap   total 196608K, used 155113K [0x0000000080000000, 0x0000000100000000)
  region size 1024K, 54 young (55296K), 9 survivors (9216K)
 Metaspace       used 104181K, committed 104960K, reserved 1179648K
  class space    used 14588K, committed 14976K, reserved 1048576K
}
Event: 16.927 GC heap after
{Heap after GC invocations=46 (full 0):
 garbage-first heap   total 196608K, used 117759K [0x0000000080000000, 0x0000000100000000)
  region size 1024K, 7 young (7168K), 7 survivors (7168K)
 Metaspace       used 104181K, committed 104960K, reserved 1179648K
  class space    used 14588K, committed 14976K, reserved 1048576K
}
Event: 17.007 GC heap before
{Heap before GC invocations=46 (full 0):
 garbage-first heap   total 196608K, used 158719K [0x0000000080000000, 0x0000000100000000)
  region size 1024K, 47 young (48128K), 7 survivors (7168K)
 Metaspace       used 104710K, committed 105408K, reserved 1179648K
  class space    used 14641K, committed 14976K, reserved 1048576K
}
Event: 17.019 GC heap after
{Heap after GC invocations=47 (full 0):
 garbage-first heap   total 196608K, used 126169K [0x0000000080000000, 0x0000000100000000)
  region size 1024K, 6 young (6144K), 6 survivors (6144K)
 Metaspace       used 104710K, committed 105408K, reserved 1179648K
  class space    used 14641K, committed 14976K, reserved 1048576K
}
Event: 17.118 GC heap before
{Heap before GC invocations=47 (full 0):
 garbage-first heap   total 196608K, used 158937K [0x0000000080000000, 0x0000000100000000)
  region size 1024K, 39 young (39936K), 6 survivors (6144K)
 Metaspace       used 105442K, committed 106176K, reserved 1179648K
  class space    used 14740K, committed 15104K, reserved 1048576K
}
Event: 17.130 GC heap after
{Heap after GC invocations=48 (full 0):
 garbage-first heap   total 236544K, used 132944K [0x0000000080000000, 0x0000000100000000)
  region size 1024K, 5 young (5120K), 5 survivors (5120K)
 Metaspace       used 105442K, committed 106176K, reserved 1179648K
  class space    used 14740K, committed 15104K, reserved 1048576K
}
Event: 17.367 GC heap before
{Heap before GC invocations=48 (full 0):
 garbage-first heap   total 236544K, used 187216K [0x0000000080000000, 0x0000000100000000)
  region size 1024K, 59 young (60416K), 5 survivors (5120K)
 Metaspace       used 107853K, committed 108608K, reserved 1179648K
  class space    used 15240K, committed 15616K, reserved 1048576K
}
Event: 17.377 GC heap after
{Heap after GC invocations=49 (full 0):
 garbage-first heap   total 236544K, used 142062K [0x0000000080000000, 0x0000000100000000)
  region size 1024K, 8 young (8192K), 8 survivors (8192K)
 Metaspace       used 107853K, committed 108608K, reserved 1179648K
  class space    used 15240K, committed 15616K, reserved 1048576K
}
Event: 17.463 GC heap before
{Heap before GC invocations=49 (full 0):
 garbage-first heap   total 236544K, used 189166K [0x0000000080000000, 0x0000000100000000)
  region size 1024K, 55 young (56320K), 8 survivors (8192K)
 Metaspace       used 108229K, committed 108992K, reserved 1179648K
  class space    used 15306K, committed 15680K, reserved 1048576K
}
Event: 17.475 GC heap after
{Heap after GC invocations=50 (full 0):
 garbage-first heap   total 236544K, used 151382K [0x0000000080000000, 0x0000000100000000)
  region size 1024K, 7 young (7168K), 7 survivors (7168K)
 Metaspace       used 108229K, committed 108992K, reserved 1179648K
  class space    used 15306K, committed 15680K, reserved 1048576K
}
Event: 17.666 GC heap before
{Heap before GC invocations=50 (full 0):
 garbage-first heap   total 236544K, used 191318K [0x0000000080000000, 0x0000000100000000)
  region size 1024K, 47 young (48128K), 7 survivors (7168K)
 Metaspace       used 110195K, committed 110976K, reserved 1179648K
  class space    used 15652K, committed 16000K, reserved 1048576K
}
Event: 17.675 GC heap after
{Heap after GC invocations=51 (full 0):
 garbage-first heap   total 236544K, used 158003K [0x0000000080000000, 0x0000000100000000)
  region size 1024K, 6 young (6144K), 6 survivors (6144K)
 Metaspace       used 110195K, committed 110976K, reserved 1179648K
  class space    used 15652K, committed 16000K, reserved 1048576K
}
Event: 17.833 GC heap before
{Heap before GC invocations=51 (full 0):
 garbage-first heap   total 236544K, used 178483K [0x0000000080000000, 0x0000000100000000)
  region size 1024K, 28 young (28672K), 6 survivors (6144K)
 Metaspace       used 111920K, committed 112640K, reserved 1179648K
  class space    used 15991K, committed 16320K, reserved 1048576K
}

